<?xml version="1.0" encoding="UTF-8"?>
<!-- Generated by org.testng.reporters.JUnitReportReporter -->
<testsuite hostname="Balaji" failures="0" tests="2" name="com.brillio.test.LoginTest" time="22.198" errors="0" timestamp="2022-05-31T09:53:18 IST" skipped="0">
  <testcase classname="com.brillio.test.LoginTest" name="invalidCredentialTest" time="10.064"/>
  <system-out/>
  <testcase classname="com.brillio.test.LoginTest" name="validCredentialTest" time="12.134"/>
  <system-out/>
</testsuite> <!-- com.brillio.test.LoginTest -->
