<?xml version="1.0" encoding="UTF-8"?>
<!-- Generated by org.testng.reporters.JUnitReportReporter -->
<testsuite hostname="Balaji" failures="0" tests="11" name="com.brillio.test.LoginTest" time="109.316" errors="0" timestamp="2022-06-02T09:06:58 IST" skipped="1">
  <testcase classname="com.brillio.test.LoginTest" name="invalidCredentialTest" time="9.480"/>
  <system-out/>
  <testcase classname="com.brillio.test.LoginTest" name="validCredentialTest" time="12.522"/>
  <system-out/>
  <testcase classname="com.brillio.test.LoginTest" name="invalidCredentialTest" time="9.813"/>
  <system-out/>
  <testcase classname="com.brillio.test.LoginTest" name="invalidCredentialTest" time="7.631"/>
  <system-out/>
  <testcase classname="com.brillio.test.LoginTest" name="invalidCredentialTest" time="9.511"/>
  <system-out/>
  <testcase classname="com.brillio.test.LoginTest" name="validCredentialTest" time="20.003"/>
  <system-out/>
  <testcase classname="com.brillio.test.LoginTest" name="demoTest" time="9.237">
    <skipped/>
  </testcase> <!-- demoTest -->
  <system-out/>
  <testcase classname="com.brillio.test.LoginTest" name="validCredentialTest" time="10.443"/>
  <system-out/>
  <testcase classname="com.brillio.test.LoginTest" name="invalidCredentialTest" time="9.463"/>
  <system-out/>
  <testcase classname="com.brillio.test.LoginTest" name="invalidCredentialTest" time="7.472"/>
  <system-out/>
  <testcase classname="com.brillio.test.LoginTest" name="invalidCredentialTest" time="3.741"/>
  <system-out/>
</testsuite> <!-- com.brillio.test.LoginTest -->
