<?xml version="1.0" encoding="UTF-8"?>
<!-- Generated by org.testng.reporters.JUnitReportReporter -->
<testsuite hostname="Balaji" failures="0" tests="1" name="com.brillio.test.LoginUITest" time="67.381" errors="0" timestamp="2022-06-02T11:32:00 IST" skipped="0">
  <testcase classname="com.brillio.test.LoginUITest" name="validateTitleTest" time="67.381"/>
  <system-out/>
</testsuite> <!-- com.brillio.test.LoginUITest -->
