<?xml version="1.0" encoding="UTF-8"?>
<!-- Generated by org.testng.reporters.JUnitReportReporter -->
<testsuite hostname="Balaji" failures="0" tests="1" name="com.brillio.test.LoginUITest" time="8.687" errors="0" timestamp="2022-06-02T10:59:22 IST" skipped="0">
  <testcase classname="com.brillio.test.LoginUITest" name="validateTitleTest" time="8.687"/>
  <system-out/>
</testsuite> <!-- com.brillio.test.LoginUITest -->
