<?xml version="1.0" encoding="UTF-8"?>
<!-- Generated by org.testng.reporters.JUnitReportReporter -->
<testsuite hostname="Balaji" failures="0" tests="1" name="com.brillio.test.LoginTest" time="12.300" errors="0" timestamp="2022-05-31T11:02:41 IST" skipped="0">
  <testcase classname="com.brillio.test.LoginTest" name="validCredentialTest" time="12.300"/>
  <system-out/>
</testsuite> <!-- com.brillio.test.LoginTest -->
