<?xml version="1.0" encoding="UTF-8"?>
<!-- Generated by org.testng.reporters.JUnitReportReporter -->
<testsuite hostname="Balaji" failures="0" tests="3" name="com.brillio.test.LoginTest" time="36.011" errors="0" timestamp="2022-06-03T11:08:41 IST" skipped="0">
  <testcase classname="com.brillio.test.LoginTest" name="validCredentialTest" time="13.771"/>
  <system-out/>
  <testcase classname="com.brillio.test.LoginTest" name="validCredentialTest" time="10.589"/>
  <system-out/>
  <testcase classname="com.brillio.test.LoginTest" name="validCredentialTest" time="11.651"/>
  <system-out/>
</testsuite> <!-- com.brillio.test.LoginTest -->
