<?xml version="1.0" encoding="UTF-8"?>
<!-- Generated by org.testng.reporters.JUnitReportReporter -->
<testsuite hostname="Balaji" failures="0" tests="2" name="com.brillio.test.LoginTest" time="174.011" errors="0" timestamp="2022-06-03T10:14:22 IST" skipped="0">
  <testcase classname="com.brillio.test.LoginTest" name="invalidCredentialTest" time="35.000"/>
  <system-out/>
  <testcase classname="com.brillio.test.LoginTest" name="invalidCredentialTest" time="139.011"/>
  <system-out/>
</testsuite> <!-- com.brillio.test.LoginTest -->
