<?xml version="1.0" encoding="UTF-8"?>
<!-- Generated by org.testng.reporters.JUnitReportReporter -->
<testsuite hostname="Balaji" failures="0" tests="5" name="com.brillio.test.LoginTest" time="83.618" errors="0" timestamp="2022-06-01T09:52:31 IST" skipped="0">
  <testcase classname="com.brillio.test.LoginTest" name="validCredentialTest" time="15.688"/>
  <system-out/>
  <testcase classname="com.brillio.test.LoginTest" name="invalidCredentialTest" time="10.176"/>
  <system-out/>
  <testcase classname="com.brillio.test.LoginTest" name="validCredentialTest" time="19.282"/>
  <system-out/>
  <testcase classname="com.brillio.test.LoginTest" name="invalidCredentialTest" time="21.682"/>
  <system-out/>
  <testcase classname="com.brillio.test.LoginTest" name="invalidCredentialTest" time="16.790"/>
  <system-out/>
</testsuite> <!-- com.brillio.test.LoginTest -->
