<?xml version="1.0" encoding="UTF-8"?>
<!-- Generated by org.testng.reporters.JUnitReportReporter -->
<testsuite hostname="Balaji" failures="0" tests="2" name="com.brillio.test.LoginTest" time="17.006" errors="0" timestamp="2022-06-01T11:55:09 IST" skipped="0">
  <testcase classname="com.brillio.test.LoginTest" name="invalidCredentialTest" time="7.802"/>
  <system-out/>
  <testcase classname="com.brillio.test.LoginTest" name="invalidCredentialTest" time="9.204"/>
  <system-out/>
</testsuite> <!-- com.brillio.test.LoginTest -->
