<?xml version="1.0" encoding="UTF-8"?>
<!-- Generated by org.testng.reporters.JUnitReportReporter -->
<testsuite hostname="Balaji" failures="0" tests="2" name="com.brillio.test.LoginTest" time="72.532" errors="0" timestamp="2022-06-01T09:03:10 IST" skipped="0">
  <testcase classname="com.brillio.test.LoginTest" name="validCredentialTest" time="43.555"/>
  <system-out/>
  <testcase classname="com.brillio.test.LoginTest" name="validCredentialTest" time="28.977"/>
  <system-out/>
</testsuite> <!-- com.brillio.test.LoginTest -->
