<?xml version="1.0" encoding="UTF-8"?>
<!-- Generated by org.testng.reporters.JUnitReportReporter -->
<testsuite hostname="Balaji" failures="0" tests="2" name="com.brillio.test.PatientTest" time="52.043" errors="0" timestamp="2022-06-02T09:26:17 IST" skipped="0">
  <testcase classname="com.brillio.test.PatientTest" name="addPatientTest" time="22.650"/>
  <system-out/>
  <testcase classname="com.brillio.test.PatientTest" name="addPatientTest" time="29.393"/>
  <system-out/>
</testsuite> <!-- com.brillio.test.PatientTest -->
