<?xml version="1.0" encoding="UTF-8"?>
<!-- Generated by org.testng.reporters.JUnitReportReporter -->
<testsuite hostname="Balaji" failures="0" tests="7" name="com.brillio.test.LoginTest" time="112.655" errors="0" timestamp="2022-06-03T09:21:49 IST" skipped="0">
  <testcase classname="com.brillio.test.LoginTest" name="invalidCredentialTest" time="20.241"/>
  <system-out/>
  <testcase classname="com.brillio.test.LoginTest" name="invalidCredentialTest" time="14.748"/>
  <system-out/>
  <testcase classname="com.brillio.test.LoginTest" name="invalidCredentialTest" time="12.861"/>
  <system-out/>
  <testcase classname="com.brillio.test.LoginTest" name="invalidCredentialTest" time="15.100"/>
  <system-out/>
  <testcase classname="com.brillio.test.LoginTest" name="invalidCredentialTest" time="19.258"/>
  <system-out/>
  <testcase classname="com.brillio.test.LoginTest" name="invalidCredentialTest" time="15.367"/>
  <system-out/>
  <testcase classname="com.brillio.test.LoginTest" name="invalidCredentialTest" time="15.080"/>
  <system-out/>
</testsuite> <!-- com.brillio.test.LoginTest -->
